<?xml version="1.0" encoding="UTF-8"?>
<!-- Generated by org.testng.reporters.JUnitReportReporter -->
<testsuite hostname="MANWE" name="com.herokuapp.theinternet.jsAlertTests.AlertTest" tests="3" failures="0" timestamp="26 Mar 2020 21:22:07 GMT" time="20.977" errors="0">
  <testcase name="jsPromptTest" time="7.098" classname="com.herokuapp.theinternet.jsAlertTests.AlertTest"/>
  <testcase name="jsDismissTest" time="6.817" classname="com.herokuapp.theinternet.jsAlertTests.AlertTest"/>
  <testcase name="jsAlertTest" time="7.062" classname="com.herokuapp.theinternet.jsAlertTests.AlertTest"/>
</testsuite> <!-- com.herokuapp.theinternet.jsAlertTests.AlertTest -->
