<?xml version="1.0" encoding="UTF-8"?>
<!-- Generated by org.testng.reporters.JUnitReportReporter -->
<testsuite hostname="MANWE" name="com.herokuapp.theinternet.LoginPageTests.PositiveLoginTests" tests="1" failures="0" timestamp="15 Mar 2020 18:08:18 GMT" time="15.570" errors="0">
  <testcase name="logInTest" time="15.570" classname="com.herokuapp.theinternet.LoginPageTests.PositiveLoginTests"/>
</testsuite> <!-- com.herokuapp.theinternet.LoginPageTests.PositiveLoginTests -->
