<?xml version="1.0" encoding="UTF-8"?>
<!-- Generated by org.testng.reporters.JUnitReportReporter -->
<testsuite hostname="MANWE" name="com.herokuapp.theinternet.CheckBoxPageTest.CheckBoxTest" tests="1" failures="0" timestamp="2 Apr 2020 13:43:55 GMT" time="8.153" errors="0">
  <testcase name="selectingTwoCheckBox" time="8.153" classname="com.herokuapp.theinternet.CheckBoxPageTest.CheckBoxTest"/>
</testsuite> <!-- com.herokuapp.theinternet.CheckBoxPageTest.CheckBoxTest -->
