<?xml version="1.0" encoding="UTF-8"?>
<!-- Generated by org.testng.reporters.JUnitReportReporter -->
<testsuite hostname="MANWE" name="com.herokuapp.theinternet.NegativeTests" tests="4" failures="0" timestamp="3 Mar 2020 21:24:10 GMT" time="65.083" errors="0">
  <testcase name="negativeTest" time="23.658" classname="com.herokuapp.theinternet.NegativeTests"/>
  <testcase name="negativeTest" time="24.004" classname="com.herokuapp.theinternet.NegativeTests"/>
  <testcase name="negativeTest" time="8.048" classname="com.herokuapp.theinternet.NegativeTests"/>
  <testcase name="negativeTest" time="9.373" classname="com.herokuapp.theinternet.NegativeTests"/>
</testsuite> <!-- com.herokuapp.theinternet.NegativeTests -->
