<?xml version="1.0" encoding="UTF-8"?>
<!-- Generated by org.testng.reporters.JUnitReportReporter -->
<testsuite hostname="MANWE" name="com.herokuapp.theinternet.CheckBoxTest.CheckBoxTest" tests="1" failures="0" timestamp="11 Mar 2020 12:49:32 GMT" time="26.415" errors="0">
  <testcase name="selectingTwoCheckBox" time="26.415" classname="com.herokuapp.theinternet.CheckBoxTest.CheckBoxTest"/>
</testsuite> <!-- com.herokuapp.theinternet.CheckBoxTest.CheckBoxTest -->
