<?xml version="1.0" encoding="UTF-8"?>
<!-- Generated by org.testng.reporters.JUnitReportReporter -->
<testsuite hostname="MANWE" name="com.herokuapp.theinternet.keypressestests.KeyPressesTests" tests="2" failures="0" timestamp="15 Mar 2020 17:31:56 GMT" time="49.848" errors="0">
  <testcase name="pressKeyWithActionsTest" time="36.142" classname="com.herokuapp.theinternet.keypressestests.KeyPressesTests"/>
  <testcase name="pressKeyWithActionsTest" time="13.706" classname="com.herokuapp.theinternet.keypressestests.KeyPressesTests"/>
</testsuite> <!-- com.herokuapp.theinternet.keypressestests.KeyPressesTests -->
