<?xml version="1.0" encoding="UTF-8"?>
<!-- Generated by org.testng.reporters.JUnitReportReporter -->
<testsuite hostname="MANWE" name="com.herokuapp.theinternet.DropDownTests.DropDownTest" tests="1" failures="0" timestamp="11 Mar 2020 16:32:00 GMT" time="14.816" errors="0">
  <testcase name="optionTwoTest" time="14.816" classname="com.herokuapp.theinternet.DropDownTests.DropDownTest"/>
</testsuite> <!-- com.herokuapp.theinternet.DropDownTests.DropDownTest -->
