<?xml version="1.0" encoding="UTF-8"?>
<!-- Generated by org.testng.reporters.JUnitReportReporter -->
<testsuite hostname="MANWE" name="com.herokuapp.theinternet.WindowTests.WindowsTests" tests="1" failures="0" timestamp="26 Mar 2020 21:23:21 GMT" time="8.492" errors="0">
  <testcase name="newWindowTest" time="8.492" classname="com.herokuapp.theinternet.WindowTests.WindowsTests"/>
</testsuite> <!-- com.herokuapp.theinternet.WindowTests.WindowsTests -->
