<?xml version="1.0" encoding="UTF-8"?>
<!-- Generated by org.testng.reporters.JUnitReportReporter -->
<testsuite hostname="MANWE" name="com.herokuapp.theinternet.editortests.EditorTests" tests="1" failures="0" timestamp="15 Mar 2020 17:30:53 GMT" time="9.179" errors="0">
  <testcase name="defaultEditorValueTest" time="9.179" classname="com.herokuapp.theinternet.editortests.EditorTests"/>
</testsuite> <!-- com.herokuapp.theinternet.editortests.EditorTests -->
