<?xml version="1.0" encoding="UTF-8"?>
<!-- Generated by org.testng.reporters.JUnitReportReporter -->
<testsuite hostname="MANWE" name="com.herokuapp.theinternet.LoginPageTests.NegativeLoginTests" tests="6" failures="0" timestamp="25 Mar 2020 17:47:37 GMT" time="49.723" errors="0">
  <testcase name="negativeLoginTest" time="8.352" classname="com.herokuapp.theinternet.LoginPageTests.NegativeLoginTests"/>
  <testcase name="negativeLoginTest" time="7.921" classname="com.herokuapp.theinternet.LoginPageTests.NegativeLoginTests"/>
  <testcase name="negativeLoginTest" time="6.450" classname="com.herokuapp.theinternet.LoginPageTests.NegativeLoginTests"/>
  <testcase name="negativeLoginTest" time="10.674" classname="com.herokuapp.theinternet.LoginPageTests.NegativeLoginTests"/>
  <testcase name="negativeLoginTest" time="7.606" classname="com.herokuapp.theinternet.LoginPageTests.NegativeLoginTests"/>
  <testcase name="negativeLoginTest" time="8.720" classname="com.herokuapp.theinternet.LoginPageTests.NegativeLoginTests"/>
</testsuite> <!-- com.herokuapp.theinternet.LoginPageTests.NegativeLoginTests -->
