<?xml version="1.0" encoding="UTF-8"?>
<!-- Generated by org.testng.reporters.JUnitReportReporter -->
<testsuite hostname="MANWE" name="com.herokuapp.theinternet.draganddroptests.DragAndDropTests" tests="1" failures="0" timestamp="15 Mar 2020 17:17:13 GMT" time="9.653" errors="0">
  <testcase name="dragAToBTest" time="9.653" classname="com.herokuapp.theinternet.draganddroptests.DragAndDropTests"/>
</testsuite> <!-- com.herokuapp.theinternet.draganddroptests.DragAndDropTests -->
